build/app/intermediates/manifest_merge_blame_file/release/manifest-merger-blame-release-report.txt
1<?xml version="1.0" encoding="utf-8"?>
2<manifest xmlns:android="http://schemas.android.com/apk/res/android"
3    package="com.example.imageclassification"
4    android:versionCode="1"
5    android:versionName="1.0.0" >
6
7    <uses-sdk
8        android:minSdkVersion="21"
8-->src/main/AndroidManifest.xml
9        android:targetSdkVersion="28" />
9-->src/main/AndroidManifest.xml
10
11    <uses-permission android:name="android.permission.RECORD_AUDIO" />
11-->[:tflite_flutter_helper] AndroidManifest.xml:9:5-71
11-->[:tflite_flutter_helper] AndroidManifest.xml:9:22-68
12    <uses-permission android:name="android.permission.READ_EXTERNAL_STORAGE" />
12-->[:image_picker] AndroidManifest.xml:9:5-80
12-->[:image_picker] AndroidManifest.xml:9:22-77
13    <uses-permission android:name="android.permission.WRITE_EXTERNAL_STORAGE" />
13-->[:image_picker] AndroidManifest.xml:10:5-81
13-->[:image_picker] AndroidManifest.xml:10:22-78
14    <uses-permission android:name="android.permission.CAMERA" />
14-->[:camera] AndroidManifest.xml:9:5-65
14-->[:camera] AndroidManifest.xml:9:22-62
15    <!--
16 io.flutter.app.FlutterApplication is an android.app.Application that
17         calls FlutterMain.startInitialization(this); in its onCreate method.
18         In most cases you can leave this as-is, but you if you want to provide
19         additional functionality it is fine to subclass or reimplement
20         FlutterApplication and put your custom class here.
21    -->
22    <application
23        android:name="android.app.Application"
23-->src/main/AndroidManifest.xml:9:9-42
24        android:appComponentFactory="androidx.core.app.CoreComponentFactory"
24-->[androidx.core:core:1.6.0] AndroidManifest.xml:24:18-86
25        android:icon="@mipmap/ic_launcher"
25-->src/main/AndroidManifest.xml:11:9-43
26        android:label="imageclassification" >
26-->src/main/AndroidManifest.xml:10:9-44
27        <activity
27-->src/main/AndroidManifest.xml:12:9-23:20
28            android:name="com.example.imageclassification.MainActivity"
28-->src/main/AndroidManifest.xml:13:13-41
29            android:configChanges="orientation|keyboardHidden|keyboard|screenSize|smallestScreenSize|locale|layoutDirection|fontScale|screenLayout|density|uiMode"
29-->src/main/AndroidManifest.xml:16:13-163
30            android:hardwareAccelerated="true"
30-->src/main/AndroidManifest.xml:17:13-47
31            android:launchMode="singleTop"
31-->src/main/AndroidManifest.xml:14:13-43
32            android:theme="@style/LaunchTheme"
32-->src/main/AndroidManifest.xml:15:13-47
33            android:windowSoftInputMode="adjustResize" >
33-->src/main/AndroidManifest.xml:18:13-55
34            <intent-filter>
34-->src/main/AndroidManifest.xml:19:13-22:29
35                <action android:name="android.intent.action.MAIN" />
35-->src/main/AndroidManifest.xml:20:17-68
35-->src/main/AndroidManifest.xml:20:25-66
36
37                <category android:name="android.intent.category.LAUNCHER" />
37-->src/main/AndroidManifest.xml:21:17-76
37-->src/main/AndroidManifest.xml:21:27-74
38            </intent-filter>
39        </activity>
40        <!--
41             Don't delete the meta-data below.
42             This is used by the Flutter tool to generate GeneratedPluginRegistrant.java
43        -->
44        <meta-data
44-->src/main/AndroidManifest.xml:26:9-28:33
45            android:name="flutterEmbedding"
45-->src/main/AndroidManifest.xml:27:13-44
46            android:value="2" />
46-->src/main/AndroidManifest.xml:28:13-30
47
48        <provider
48-->[:image_picker] AndroidManifest.xml:13:9-21:20
49            android:name="io.flutter.plugins.imagepicker.ImagePickerFileProvider"
49-->[:image_picker] AndroidManifest.xml:14:13-82
50            android:authorities="com.example.imageclassification.flutter.image_provider"
50-->[:image_picker] AndroidManifest.xml:15:13-74
51            android:exported="false"
51-->[:image_picker] AndroidManifest.xml:16:13-37
52            android:grantUriPermissions="true" >
52-->[:image_picker] AndroidManifest.xml:17:13-47
53            <meta-data
53-->[:image_picker] AndroidManifest.xml:18:13-20:75
54                android:name="android.support.FILE_PROVIDER_PATHS"
54-->[:image_picker] AndroidManifest.xml:19:17-67
55                android:resource="@xml/flutter_image_picker_file_paths" />
55-->[:image_picker] AndroidManifest.xml:20:17-72
56        </provider>
57
58        <uses-library
58-->[androidx.window:window:1.0.0-beta04] AndroidManifest.xml:25:9-27:40
59            android:name="androidx.window.extensions"
59-->[androidx.window:window:1.0.0-beta04] AndroidManifest.xml:26:13-54
60            android:required="false" />
60-->[androidx.window:window:1.0.0-beta04] AndroidManifest.xml:27:13-37
61        <uses-library
61-->[androidx.window:window:1.0.0-beta04] AndroidManifest.xml:28:9-30:40
62            android:name="androidx.window.sidecar"
62-->[androidx.window:window:1.0.0-beta04] AndroidManifest.xml:29:13-51
63            android:required="false" />
63-->[androidx.window:window:1.0.0-beta04] AndroidManifest.xml:30:13-37
64    </application>
65
66</manifest>